  mergeSorting.c
C:\Users\user\source\2023-cpp-autumn\Merge_sort\mergeSorting.c(22,7): error C2040: merge: "List *(List *,List *,SortChoice)" отличается по уровням косвенного обращения от "void (Number *,Number *,Number *,int,SortChoice)"
C:\Users\user\source\2023-cpp-autumn\Merge_sort\mergeSorting.c(31,34): warning C4133: функция: несовместимые типы - из "List *" в "Number *"
C:\Users\user\source\2023-cpp-autumn\Merge_sort\mergeSorting.c(31,42): warning C4133: функция: несовместимые типы - из "List *" в "Number *"
C:\Users\user\source\2023-cpp-autumn\Merge_sort\mergeSorting.c(31,49): error C2440: функция: невозможно преобразовать "SortChoice" в "Number *"
C:\Users\user\source\2023-cpp-autumn\Merge_sort\mergeSorting.c(31,49): warning C4024: merge: различные типы для формального и фактического параметров 3
C:\Users\user\source\2023-cpp-autumn\Merge_sort\mergeSorting.c(31,24): error C2198: void merge(Number *,Number *,Number *,int,SortChoice): слишком мало аргументов для вызова
C:\Users\user\source\2023-cpp-autumn\Merge_sort\mergeSorting.c(31,22): error C2440: =: невозможно преобразовать "void" в "List *"
C:\Users\user\source\2023-cpp-autumn\Merge_sort\mergeSorting.c(35,30): warning C4133: функция: несовместимые типы - из "List *" в "Number *"
C:\Users\user\source\2023-cpp-autumn\Merge_sort\mergeSorting.c(35,41): warning C4133: функция: несовместимые типы - из "List *" в "Number *"
C:\Users\user\source\2023-cpp-autumn\Merge_sort\mergeSorting.c(35,49): error C2440: функция: невозможно преобразовать "SortChoice" в "Number *"
C:\Users\user\source\2023-cpp-autumn\Merge_sort\mergeSorting.c(35,49): warning C4024: merge: различные типы для формального и фактического параметров 3
C:\Users\user\source\2023-cpp-autumn\Merge_sort\mergeSorting.c(35,24): error C2198: void merge(Number *,Number *,Number *,int,SortChoice): слишком мало аргументов для вызова
C:\Users\user\source\2023-cpp-autumn\Merge_sort\mergeSorting.c(35,22): error C2440: =: невозможно преобразовать "void" в "List *"
C:\Users\user\source\2023-cpp-autumn\Merge_sort\mergeSorting.c(59,23): warning C4028: формальный параметр 1 отличается от объявления
C:\Users\user\source\2023-cpp-autumn\Merge_sort\mergeSorting.c(59,6): warning C4029: объявленный список формальных параметров отличается от объявления
C:\Users\user\source\2023-cpp-autumn\Merge_sort\mergeSorting.c(71,22): warning C4133: функция: несовместимые типы - из "List *" в "Number *"
C:\Users\user\source\2023-cpp-autumn\Merge_sort\mergeSorting.c(71,28): warning C4133: функция: несовместимые типы - из "List *" в "Number *"
C:\Users\user\source\2023-cpp-autumn\Merge_sort\mergeSorting.c(71,35): error C2440: функция: невозможно преобразовать "SortChoice" в "Number *"
C:\Users\user\source\2023-cpp-autumn\Merge_sort\mergeSorting.c(71,35): warning C4024: merge: различные типы для формального и фактического параметров 3
C:\Users\user\source\2023-cpp-autumn\Merge_sort\mergeSorting.c(71,16): error C2198: void merge(Number *,Number *,Number *,int,SortChoice): слишком мало аргументов для вызова
C:\Users\user\source\2023-cpp-autumn\Merge_sort\mergeSorting.c(71,14): error C2440: =: невозможно преобразовать "void" в "List *"
  test.c
  Создание кода...
